  [4;36;1mSQL (0.0ms)[0m   [0;1m SELECT name
 FROM sqlite_master
 WHERE type = 'table' AND NOT name = 'sqlite_sequence'
[0m
  [4;35;1mSQL (0.0ms)[0m   [0mselect sqlite_version(*)[0m
  [4;36;1mSQL (109.0ms)[0m   [0;1mCREATE TABLE "schema_migrations" ("version" varchar(255) NOT NULL) [0m
  [4;35;1mSQL (94.0ms)[0m   [0mCREATE UNIQUE INDEX "unique_schema_migrations" ON "schema_migrations" ("version")[0m
  [4;36;1mSQL (0.0ms)[0m   [0;1m SELECT name
 FROM sqlite_master
 WHERE type = 'table' AND NOT name = 'sqlite_sequence'
[0m
  [4;35;1mSQL (0.0ms)[0m   [0mSELECT version FROM schema_migrations[0m
Migrating to CreateUsers (20091127023516)
  [4;36;1mSQL (0.0ms)[0m   [0;1m SELECT name
 FROM sqlite_master
 WHERE type = 'table' AND NOT name = 'sqlite_sequence'
[0m
  [4;35;1mSQL (16.0ms)[0m   [0mCREATE TABLE "users" ("id" INTEGER PRIMARY KEY AUTOINCREMENT NOT NULL, "login" varchar(255), "email" varchar(255), "crypted_password" varchar(40), "salt" varchar(40), "created_at" datetime, "updated_at" datetime, "remember_token" varchar(255), "remember_token_expires_at" datetime) [0m
  [4;36;1mSQL (0.0ms)[0m   [0;1mINSERT INTO schema_migrations (version) VALUES ('20091127023516')[0m
Migrating to CreatePools (20091127023630)
  [4;35;1mSQL (0.0ms)[0m   [0mCREATE TABLE "pools" ("id" INTEGER PRIMARY KEY AUTOINCREMENT NOT NULL, "name" varchar(255), "status" boolean, "created_at" datetime, "updated_at" datetime) [0m
  [4;36;1mSQL (0.0ms)[0m   [0;1mINSERT INTO schema_migrations (version) VALUES ('20091127023630')[0m
Migrating to CreateMatches (20091127023713)
  [4;35;1mSQL (0.0ms)[0m   [0mCREATE TABLE "matches" ("id" INTEGER PRIMARY KEY AUTOINCREMENT NOT NULL, "pool_id" integer, "local" varchar(255), "visitor" varchar(255), "result" varchar(255), "created_at" datetime, "updated_at" datetime) [0m
  [4;36;1mSQL (0.0ms)[0m   [0;1mINSERT INTO schema_migrations (version) VALUES ('20091127023713')[0m
Migrating to CreatePicks (20091127023757)
  [4;35;1mSQL (0.0ms)[0m   [0mCREATE TABLE "picks" ("id" INTEGER PRIMARY KEY AUTOINCREMENT NOT NULL, "user_id" integer, "match_id" integer, "pick" varchar(255), "created_at" datetime, "updated_at" datetime) [0m
  [4;36;1mSQL (0.0ms)[0m   [0;1mINSERT INTO schema_migrations (version) VALUES ('20091127023757')[0m
  [4;35;1mSQL (0.0ms)[0m   [0m SELECT name
 FROM sqlite_master
 WHERE type = 'table' AND NOT name = 'sqlite_sequence'
[0m
  [4;36;1mSQL (0.0ms)[0m   [0;1mSELECT version FROM schema_migrations[0m
  [4;35;1mSQL (0.0ms)[0m   [0m SELECT name
 FROM sqlite_master
 WHERE type = 'table' AND NOT name = 'sqlite_sequence'
[0m
  [4;36;1mSQL (0.0ms)[0m   [0;1mPRAGMA index_list("matches")[0m
  [4;35;1mSQL (0.0ms)[0m   [0mPRAGMA index_list("picks")[0m
  [4;36;1mSQL (0.0ms)[0m   [0;1mPRAGMA index_list("pools")[0m
  [4;35;1mSQL (16.0ms)[0m   [0mPRAGMA index_list("users")[0m


Processing UsersController#new (for 127.0.0.1 at 2009-11-26 21:41:58) [GET]
Rendering users/new
Completed in 1406ms (View: 1406, DB: 0) | 200 OK [http://localhost/users/new]


Processing UsersController#create (for 127.0.0.1 at 2009-11-26 21:42:24) [POST]
  Parameters: {"user"=>{"password_confirmation"=>"migue", "password"=>"migue", "login"=>"migue", "email"=>"migue@gmail.com"}, "commit"=>"Sign up", "authenticity_token"=>"GxKFMyylMui6IICUFJ4TsvMlGbJTPYICLjM0Or4C978="}
  [4;36;1mUser Load (0.0ms)[0m   [0;1mSELECT "users".id FROM "users" WHERE (LOWER("users"."login") = 'migue') LIMIT 1[0m
  [4;35;1mUser Load (0.0ms)[0m   [0mSELECT "users".id FROM "users" WHERE (LOWER("users"."email") = 'migue@gmail.com') LIMIT 1[0m
  [4;36;1mUser Create (0.0ms)[0m   [0;1mINSERT INTO "users" ("salt", "updated_at", "crypted_password", "remember_token_expires_at", "remember_token", "login", "email", "created_at") VALUES('d2d1028542e26653e94b54ffc6960bb404f80286', '2009-11-27 02:42:24', '860f50318365ed94b7f905b3ccc2a57ee0c4c443', NULL, NULL, 'migue', 'migue@gmail.com', '2009-11-27 02:42:24')[0m
Redirected to http://localhost:3000/
Completed in 656ms (DB: 0) | 302 Found [http://localhost/users]


Processing SessionController#new (for 127.0.0.1 at 2009-11-26 21:47:53) [GET]
Rendering session/new
Completed in 15ms (View: 15, DB: 0) | 200 OK [http://localhost/login]


Processing SessionController#create (for 127.0.0.1 at 2009-11-26 21:47:59) [POST]
  Parameters: {"commit"=>"Log in", "authenticity_token"=>"GxKFMyylMui6IICUFJ4TsvMlGbJTPYICLjM0Or4C978=", "login"=>"migue", "password"=>"migue"}
  [4;35;1mUser Load (0.0ms)[0m   [0mSELECT * FROM "users" WHERE ("users"."login" = 'migue') LIMIT 1[0m
Redirected to http://localhost:3000/
Completed in 16ms (DB: 0) | 302 Found [http://localhost/session]
